<?xml version="1.0" encoding="UTF-8"?>
<testsuites name="jest tests" tests="2" failures="0" errors="0" time="0.837">
  <testsuite name="stateproof sample test" errors="0" failures="0" skipped="0" timestamp="2022-12-13T22:19:27" time="0.816" tests="2">
    <testcase classname="stateproof sample test transaction 0.0.94139-1570800748-313194300 in v2 sample json" name="stateproof sample test transaction 0.0.94139-1570800748-313194300 in v2 sample json" time="0.008">
    </testcase>
    <testcase classname="stateproof sample test transaction 0.0.88-1614972043-671238000 in v5 sample json" name="stateproof sample test transaction 0.0.88-1614972043-671238000 in v5 sample json" time="0.006">
    </testcase>
  </testsuite>
</testsuites>